        -:    0:Source:dominion.c
        -:    0:Graph:dominion.gcno
        -:    0:Data:dominion.gcda
        -:    0:Runs:7
        -:    0:Programs:7
        -:    1:#include "dominion.h"
        -:    2:#include "dominion_helpers.h"
        -:    3:#include "rngs.h"
        -:    4:#include <stdio.h>
        -:    5:#include <math.h>
        -:    6:#include <stdlib.h>
        -:    7:
    56505:    8:int compare(const void* a, const void* b) {
    56505:    9:  if (*(int*)a > *(int*)b)
    #####:   10:    return 1;
    56505:   11:  if (*(int*)a < *(int*)b)
    15068:   12:    return -1;
    41437:   13:  return 0;
        -:   14:}
        -:   15:
    #####:   16:struct gameState* newGame() {
    #####:   17:  struct gameState* g = malloc(sizeof(struct gameState));
    #####:   18:  return g;
        -:   19:}
        -:   20:
    #####:   21:int* kingdomCards(int k1, int k2, int k3, int k4, int k5, int k6, int k7,
        -:   22:		  int k8, int k9, int k10) {
    #####:   23:  int* k = malloc(10 * sizeof(int));
    #####:   24:  k[0] = k1;
    #####:   25:  k[1] = k2;
    #####:   26:  k[2] = k3;
    #####:   27:  k[3] = k4;
    #####:   28:  k[4] = k5;
    #####:   29:  k[5] = k6;
    #####:   30:  k[6] = k7;
    #####:   31:  k[7] = k8;
    #####:   32:  k[8] = k9;
    #####:   33:  k[9] = k10;
    #####:   34:  return k;
        -:   35:}
        -:   36:
     1503:   37:int initializeGame(int numPlayers, int kingdomCards[10], int randomSeed,
        -:   38:		   struct gameState *state) {
        -:   39:
        -:   40:  int i;
        -:   41:  int j;
        -:   42:  int it;			
        -:   43:  //set up random number generator
     1503:   44:  SelectStream(1);
     1503:   45:  PutSeed((long)randomSeed);
        -:   46:  
        -:   47:  //check number of players
     1503:   48:  if (numPlayers > MAX_PLAYERS || numPlayers < 2)
        -:   49:    {
    #####:   50:      return -1;
        -:   51:    }
        -:   52:
        -:   53:  //set number of players
     1503:   54:  state->numPlayers = numPlayers;
        -:   55:
        -:   56:  //check selected kingdom cards are different
    16533:   57:  for (i = 0; i < 10; i++)
        -:   58:    {
   165330:   59:      for (j = 0; j < 10; j++)
        -:   60:        {
   150300:   61:	  if (j != i && kingdomCards[j] == kingdomCards[i])
        -:   62:	    {
    #####:   63:	      return -1;
        -:   64:	    }
        -:   65:        }
        -:   66:    }
        -:   67:
        -:   68:
        -:   69:  //initialize supply
        -:   70:  ///////////////////////////////
        -:   71:
        -:   72:  //set number of Curse cards
     1503:   73:  if (numPlayers == 2)
        -:   74:    {
      742:   75:      state->supplyCount[curse] = 10;
        -:   76:    }
      761:   77:  else if (numPlayers == 3)
        -:   78:    {
      761:   79:      state->supplyCount[curse] = 20;
        -:   80:    }
        -:   81:  else
        -:   82:    {
    #####:   83:      state->supplyCount[curse] = 30;
        -:   84:    }
        -:   85:
        -:   86:  //set number of Victory cards
     1503:   87:  if (numPlayers == 2)
        -:   88:    {
      742:   89:      state->supplyCount[estate] = 8;
      742:   90:      state->supplyCount[duchy] = 8;
      742:   91:      state->supplyCount[province] = 8;
        -:   92:    }
        -:   93:  else
        -:   94:    {
      761:   95:      state->supplyCount[estate] = 12;
      761:   96:      state->supplyCount[duchy] = 12;
      761:   97:      state->supplyCount[province] = 12;
        -:   98:    }
        -:   99:
        -:  100:  //set number of Treasure cards
     1503:  101:  state->supplyCount[copper] = 60 - (7 * numPlayers);
     1503:  102:  state->supplyCount[silver] = 40;
     1503:  103:  state->supplyCount[gold] = 30;
        -:  104:
        -:  105:  //set number of Kingdom cards
    31563:  106:  for (i = adventurer; i <= treasure_map; i++)       	//loop all cards
        -:  107:    {
   251256:  108:      for (j = 0; j < 10; j++)           		//loop chosen cards
        -:  109:	{
   235550:  110:	  if (kingdomCards[j] == i)
        -:  111:	    {
        -:  112:	      //check if card is a 'Victory' Kingdom card
    14354:  113:	      if (kingdomCards[j] == great_hall || kingdomCards[j] == gardens)
        -:  114:		{
     2910:  115:		  if (numPlayers == 2){ 
      708:  116:		    state->supplyCount[i] = 8; 
        -:  117:		  }
      747:  118:		  else{ state->supplyCount[i] = 12; }
        -:  119:		}
        -:  120:	      else
        -:  121:		{
    12899:  122:		  state->supplyCount[i] = 10;
        -:  123:		}
    14354:  124:	      break;
        -:  125:	    }
        -:  126:	  else    //card is not in the set choosen for the game
        -:  127:	    {
   221196:  128:	      state->supplyCount[i] = -1;
        -:  129:	    }
        -:  130:	}
        -:  131:
        -:  132:    }
        -:  133:
        -:  134:  ////////////////////////
        -:  135:  //supply intilization complete
        -:  136:
        -:  137:  //set player decks
     5270:  138:  for (i = 0; i < numPlayers; i++)
        -:  139:    {
     3767:  140:      state->deckCount[i] = 0;
    15068:  141:      for (j = 0; j < 3; j++)
        -:  142:	{
    11301:  143:	  state->deck[i][j] = estate;
    11301:  144:	  state->deckCount[i]++;
        -:  145:	}
    30136:  146:      for (j = 3; j < 10; j++)
        -:  147:	{
    26369:  148:	  state->deck[i][j] = copper;
    26369:  149:	  state->deckCount[i]++;		
        -:  150:	}
        -:  151:    }
        -:  152:
        -:  153:  //shuffle player decks
     5270:  154:  for (i = 0; i < numPlayers; i++)
        -:  155:    {
     3767:  156:      if ( shuffle(i, state) < 0 )
        -:  157:	{
    #####:  158:	  return -1;
        -:  159:	}
        -:  160:    }
        -:  161:
        -:  162:  //draw player hands
     5270:  163:  for (i = 0; i < numPlayers; i++)
        -:  164:    {  
        -:  165:      //initialize hand size to zero
     3767:  166:      state->handCount[i] = 0;
     3767:  167:      state->discardCount[i] = 0;
        -:  168:      //draw 5 cards
        -:  169:      // for (j = 0; j < 5; j++)
        -:  170:      //	{
        -:  171:      //	  drawCard(i, state);
        -:  172:      //	}
        -:  173:    }
        -:  174:  
        -:  175:  //set embargo tokens to 0 for all supply piles
    42084:  176:  for (i = 0; i <= treasure_map; i++)
        -:  177:    {
    40581:  178:      state->embargoTokens[i] = 0;
        -:  179:    }
        -:  180:
        -:  181:  //initialize first player's turn
     1503:  182:  state->outpostPlayed = 0;
     1503:  183:  state->phase = 0;
     1503:  184:  state->numActions = 1;
     1503:  185:  state->numBuys = 1;
     1503:  186:  state->playedCardCount = 0;
     1503:  187:  state->whoseTurn = 0;
     1503:  188:  state->handCount[state->whoseTurn] = 0;
        -:  189:  //int it; move to top
        -:  190:
        -:  191:  //Moved draw cards to here, only drawing at the start of a turn
     9018:  192:  for (it = 0; it < 5; it++){
     7515:  193:    drawCard(state->whoseTurn, state);
        -:  194:  }
        -:  195:
     1503:  196:  updateCoins(state->whoseTurn, state, 0);
        -:  197:
     1503:  198:  return 0;
        -:  199:}
        -:  200:
     3767:  201:int shuffle(int player, struct gameState *state) {
        -:  202: 
        -:  203:
        -:  204:  int newDeck[MAX_DECK];
     3767:  205:  int newDeckPos = 0;
        -:  206:  int card;
        -:  207:  int i;
        -:  208:
     3767:  209:  if (state->deckCount[player] < 1)
    #####:  210:    return -1;
     3767:  211:  qsort ((void*)(state->deck[player]), state->deckCount[player], sizeof(int), compare); 
        -:  212:  /* SORT CARDS IN DECK TO ENSURE DETERMINISM! */
        -:  213:
    45204:  214:  while (state->deckCount[player] > 0) {
    37670:  215:    card = floor(Random() * state->deckCount[player]);
    37670:  216:    newDeck[newDeckPos] = state->deck[player][card];
    37670:  217:    newDeckPos++;
   135624:  218:    for (i = card; i < state->deckCount[player]-1; i++) {
    97954:  219:      state->deck[player][i] = state->deck[player][i+1];
        -:  220:    }
    37670:  221:    state->deckCount[player]--;
        -:  222:  }
    41437:  223:  for (i = 0; i < newDeckPos; i++) {
    37670:  224:    state->deck[player][i] = newDeck[i];
    37670:  225:    state->deckCount[player]++;
        -:  226:  }
        -:  227:
     3767:  228:  return 0;
        -:  229:}
        -:  230:
    #####:  231:int playCard(int handPos, int choice1, int choice2, int choice3, struct gameState *state) 
        -:  232:{	
        -:  233:  int card;
    #####:  234:  int coin_bonus = 0; 		//tracks coins gain from actions
        -:  235:
        -:  236:  //check if it is the right phase
    #####:  237:  if (state->phase != 0)
        -:  238:    {
    #####:  239:      return -1;
        -:  240:    }
        -:  241:	
        -:  242:  //check if player has enough actions
    #####:  243:  if ( state->numActions < 1 )
        -:  244:    {
    #####:  245:      return -1;
        -:  246:    }
        -:  247:	
        -:  248:  //get card played
    #####:  249:  card = handCard(handPos, state);
        -:  250:	
        -:  251:  //check if selected card is an action
    #####:  252:  if ( card < adventurer || card > treasure_map )
        -:  253:    {
    #####:  254:      return -1;
        -:  255:    }
        -:  256:	
        -:  257:  //play card
    #####:  258:  if ( cardEffect(card, choice1, choice2, choice3, state, handPos, &coin_bonus) < 0 )
        -:  259:    {
    #####:  260:      return -1;
        -:  261:    }
        -:  262:	
        -:  263:  //reduce number of actions
    #####:  264:  state->numActions--;
        -:  265:
        -:  266:  //update coins (Treasure cards may be added with card draws)
    #####:  267:  updateCoins(state->whoseTurn, state, coin_bonus);
        -:  268:	
    #####:  269:  return 0;
        -:  270:}
        -:  271:
    #####:  272:int buyCard(int supplyPos, struct gameState *state) {
        -:  273:  int who;
        -:  274:  if (DEBUG){
        -:  275:    printf("Entering buyCard...\n");
        -:  276:  }
        -:  277:
        -:  278:  // I don't know what to do about the phase thing.
        -:  279:
    #####:  280:  who = state->whoseTurn;
        -:  281:
    #####:  282:  if (state->numBuys < 1){
        -:  283:    if (DEBUG)
        -:  284:      printf("You do not have any buys left\n");
    #####:  285:    return -1;
    #####:  286:  } else if (supplyCount(supplyPos, state) <1){
        -:  287:    if (DEBUG)
        -:  288:      printf("There are not any of that type of card left\n");
    #####:  289:    return -1;
    #####:  290:  } else if (state->coins < getCost(supplyPos)){
        -:  291:    if (DEBUG) 
        -:  292:      printf("You do not have enough money to buy that. You have %d coins.\n", state->coins);
    #####:  293:    return -1;
        -:  294:  } else {
    #####:  295:    state->phase=1;
        -:  296:    //state->supplyCount[supplyPos]--;
    #####:  297:    gainCard(supplyPos, state, 0, who); //card goes in discard, this might be wrong.. (2 means goes into hand, 0 goes into discard)
        -:  298:  
    #####:  299:    state->coins = (state->coins) - (getCost(supplyPos));
    #####:  300:    state->numBuys--;
        -:  301:    if (DEBUG)
        -:  302:      printf("You bought card number %d for %d coins. You now have %d buys and %d coins.\n", supplyPos, getCost(supplyPos), state->numBuys, state->coins);
        -:  303:  }
        -:  304:
        -:  305:  //state->discard[who][state->discardCount[who]] = supplyPos;
        -:  306:  //state->discardCount[who]++;
        -:  307:    
    #####:  308:  return 0;
        -:  309:}
        -:  310:
    #####:  311:int numHandCards(struct gameState *state) {
    #####:  312:  return state->handCount[ whoseTurn(state) ];
        -:  313:}
        -:  314:
    #####:  315:int handCard(int handPos, struct gameState *state) {
    #####:  316:  int currentPlayer = whoseTurn(state);
    #####:  317:  return state->hand[currentPlayer][handPos];
        -:  318:}
        -:  319:
    #####:  320:int supplyCount(int card, struct gameState *state) {
    #####:  321:  return state->supplyCount[card];
        -:  322:}
        -:  323:
       12:  324:int fullDeckCount(int player, int card, struct gameState *state) {
        -:  325:  int i;
       12:  326:  int count = 0;
        -:  327:
      112:  328:  for (i = 0; i < state->deckCount[player]; i++)
        -:  329:    {
      100:  330:      if (state->deck[player][i] == card) count++;
        -:  331:    }
        -:  332:
       64:  333:  for (i = 0; i < state->handCount[player]; i++)
        -:  334:    {
       52:  335:      if (state->hand[player][i] == card) count++;
        -:  336:    }
        -:  337:
       28:  338:  for (i = 0; i < state->discardCount[player]; i++)
        -:  339:    {
       16:  340:      if (state->discard[player][i] == card) count++;
        -:  341:    }
        -:  342:
       12:  343:  return count;
        -:  344:}
        -:  345:
     1504:  346:int whoseTurn(struct gameState *state) {
     1504:  347:  return state->whoseTurn;
        -:  348:}
        -:  349:
    #####:  350:int endTurn(struct gameState *state) {
        -:  351:  int k;
        -:  352:  int i;
    #####:  353:  int currentPlayer = whoseTurn(state);
        -:  354:  
        -:  355:  //Discard hand
    #####:  356:  for (i = 0; i < state->handCount[currentPlayer]; i++){
    #####:  357:    state->discard[currentPlayer][state->discardCount[currentPlayer]++] = state->hand[currentPlayer][i];//Discard
    #####:  358:    state->hand[currentPlayer][i] = -1;//Set card to -1
        -:  359:  }
    #####:  360:  state->handCount[currentPlayer] = 0;//Reset hand count
        -:  361:    
        -:  362:  //Code for determining the player
    #####:  363:  if (currentPlayer < (state->numPlayers - 1)){ 
    #####:  364:    state->whoseTurn = currentPlayer + 1;//Still safe to increment
        -:  365:  }
        -:  366:  else{
    #####:  367:    state->whoseTurn = 0;//Max player has been reached, loop back around to player 1
        -:  368:  }
        -:  369:
    #####:  370:  state->outpostPlayed = 0;
    #####:  371:  state->phase = 0;
    #####:  372:  state->numActions = 1;
    #####:  373:  state->coins = 0;
    #####:  374:  state->numBuys = 1;
    #####:  375:  state->playedCardCount = 0;
    #####:  376:  state->handCount[state->whoseTurn] = 0;
        -:  377:
        -:  378:  //int k; move to top
        -:  379:  //Next player draws hand
    #####:  380:  for (k = 0; k < 5; k++){
    #####:  381:    drawCard(state->whoseTurn, state);//Draw a card
        -:  382:  }
        -:  383:
        -:  384:  //Update money
    #####:  385:  updateCoins(state->whoseTurn, state , 0);
        -:  386:
    #####:  387:  return 0;
        -:  388:}
        -:  389:
        5:  390:int isGameOver(struct gameState *state) {
        -:  391:  int i;
        -:  392:  int j;
        -:  393:	
        -:  394:  //if stack of Province cards is empty, the game ends
        5:  395:  if (state->supplyCount[province] == 0)
        -:  396:    {
        1:  397:      return 1;
        -:  398:    }
        -:  399:
        -:  400:  //if three supply pile are at 0, the game ends
        4:  401:  j = 0;
      104:  402:  for (i = 0; i < 25; i++)
        -:  403:    {
      100:  404:      if (state->supplyCount[i] == 0)
        -:  405:	{
        7:  406:	  j++;
        -:  407:	}
        -:  408:    }
        4:  409:  if ( j >= 3)
        -:  410:    {
        1:  411:      return 1;
        -:  412:    }
        -:  413:
        3:  414:  return 0;
        -:  415:}
        -:  416:
    #####:  417:int scoreFor (int player, struct gameState *state) {
        -:  418:
        -:  419:  int i;
    #####:  420:  int score = 0;
        -:  421:  //score from hand
    #####:  422:  for (i = 0; i < state->handCount[player]; i++)
        -:  423:    {
    #####:  424:      if (state->hand[player][i] == curse) { score = score - 1; };
    #####:  425:      if (state->hand[player][i] == estate) { score = score + 1; };
    #####:  426:      if (state->hand[player][i] == duchy) { score = score + 3; };
    #####:  427:      if (state->hand[player][i] == province) { score = score + 6; };
    #####:  428:      if (state->hand[player][i] == great_hall) { score = score + 1; };
    #####:  429:      if (state->hand[player][i] == gardens) { score = score + ( fullDeckCount(player, 0, state) / 10 ); };
        -:  430:    }
        -:  431:
        -:  432:  //score from discard
    #####:  433:  for (i = 0; i < state->discardCount[player]; i++)
        -:  434:    {
    #####:  435:      if (state->discard[player][i] == curse) { score = score - 1; };
    #####:  436:      if (state->discard[player][i] == estate) { score = score + 1; };
    #####:  437:      if (state->discard[player][i] == duchy) { score = score + 3; };
    #####:  438:      if (state->discard[player][i] == province) { score = score + 6; };
    #####:  439:      if (state->discard[player][i] == great_hall) { score = score + 1; };
    #####:  440:      if (state->discard[player][i] == gardens) { score = score + ( fullDeckCount(player, 0, state) / 10 ); };
        -:  441:    }
        -:  442:
        -:  443:  //score from deck
    #####:  444:  for (i = 0; i < state->discardCount[player]; i++)
        -:  445:    {
    #####:  446:      if (state->deck[player][i] == curse) { score = score - 1; };
    #####:  447:      if (state->deck[player][i] == estate) { score = score + 1; };
    #####:  448:      if (state->deck[player][i] == duchy) { score = score + 3; };
    #####:  449:      if (state->deck[player][i] == province) { score = score + 6; };
    #####:  450:      if (state->deck[player][i] == great_hall) { score = score + 1; };
    #####:  451:      if (state->deck[player][i] == gardens) { score = score + ( fullDeckCount(player, 0, state) / 10 ); };
        -:  452:    }
        -:  453:
    #####:  454:  return score;
        -:  455:}
        -:  456:
    #####:  457:int getWinners(int players[MAX_PLAYERS], struct gameState *state) {
        -:  458:  int i;	
        -:  459:  int j;
        -:  460:  int highScore;
        -:  461:  int currentPlayer;
        -:  462:
        -:  463:  //get score for each player
    #####:  464:  for (i = 0; i < MAX_PLAYERS; i++)
        -:  465:    {
        -:  466:      //set unused player scores to -9999
    #####:  467:      if (i >= state->numPlayers)
        -:  468:	{
    #####:  469:	  players[i] = -9999;
        -:  470:	}
        -:  471:      else
        -:  472:	{
    #####:  473:	  players[i] = scoreFor (i, state);
        -:  474:	}
        -:  475:    }
        -:  476:
        -:  477:  //find highest score
    #####:  478:  j = 0;
    #####:  479:  for (i = 0; i < MAX_PLAYERS; i++)
        -:  480:    {
    #####:  481:      if (players[i] > players[j])
        -:  482:	{
    #####:  483:	  j = i;
        -:  484:	}
        -:  485:    }
    #####:  486:  highScore = players[j];
        -:  487:
        -:  488:  //add 1 to players who had less turns
    #####:  489:  currentPlayer = whoseTurn(state);
    #####:  490:  for (i = 0; i < MAX_PLAYERS; i++)
        -:  491:    {
    #####:  492:      if ( players[i] == highScore && i > currentPlayer )
        -:  493:	{
    #####:  494:	  players[i]++;
        -:  495:	}
        -:  496:    }
        -:  497:
        -:  498:  //find new highest score
    #####:  499:  j = 0;
    #####:  500:  for (i = 0; i < MAX_PLAYERS; i++)
        -:  501:    {
    #####:  502:      if ( players[i] > players[j] )
        -:  503:	{
    #####:  504:	  j = i;
        -:  505:	}
        -:  506:    }
    #####:  507:  highScore = players[j];
        -:  508:
        -:  509:  //set winners in array to 1 and rest to 0
    #####:  510:  for (i = 0; i < MAX_PLAYERS; i++)
        -:  511:    {
    #####:  512:      if ( players[i] == highScore )
        -:  513:	{
    #####:  514:	  players[i] = 1;
        -:  515:	}
        -:  516:      else
        -:  517:	{
    #####:  518:	  players[i] = 0;
        -:  519:	}
        -:  520:    }
        -:  521:
    #####:  522:  return 0;
        -:  523:}
        -:  524:
     7515:  525:int drawCard(int player, struct gameState *state)
        -:  526:{	int count;
        -:  527:  int deckCounter;
     7515:  528:  if (state->deckCount[player] <= 0){//Deck is empty
        -:  529:    
        -:  530:    //Step 1 Shuffle the discard pile back into a deck
        -:  531:    int i;
        -:  532:    //Move discard to deck
    #####:  533:    for (i = 0; i < state->discardCount[player];i++){
    #####:  534:      state->deck[player][i] = state->discard[player][i];
    #####:  535:      state->discard[player][i] = -1;
        -:  536:    }
        -:  537:
    #####:  538:    state->deckCount[player] = state->discardCount[player];
    #####:  539:    state->discardCount[player] = 0;//Reset discard
        -:  540:
        -:  541:    //Shufffle the deck
    #####:  542:    shuffle(player, state);//Shuffle the deck up and make it so that we can draw
        -:  543:   
        -:  544:    if (DEBUG){//Debug statements
        -:  545:      printf("Deck count now: %d\n", state->deckCount[player]);
        -:  546:    }
        -:  547:    
    #####:  548:    state->discardCount[player] = 0;
        -:  549:
        -:  550:    //Step 2 Draw Card
    #####:  551:    count = state->handCount[player];//Get current player's hand count
        -:  552:    
        -:  553:    if (DEBUG){//Debug statements
        -:  554:      printf("Current hand count: %d\n", count);
        -:  555:    }
        -:  556:    
    #####:  557:    deckCounter = state->deckCount[player];//Create a holder for the deck count
        -:  558:
    #####:  559:    if (deckCounter == 0)
    #####:  560:      return -1;
        -:  561:
    #####:  562:    state->hand[player][count] = state->deck[player][deckCounter - 1];//Add card to hand
    #####:  563:    state->deckCount[player]--;
    #####:  564:    state->handCount[player]++;//Increment hand count
        -:  565:  }
        -:  566:
        -:  567:  else{
     7515:  568:    int count = state->handCount[player];//Get current hand count for player
        -:  569:    int deckCounter;
        -:  570:    if (DEBUG){//Debug statements
        -:  571:      printf("Current hand count: %d\n", count);
        -:  572:    }
        -:  573:
     7515:  574:    deckCounter = state->deckCount[player];//Create holder for the deck count
     7515:  575:    state->hand[player][count] = state->deck[player][deckCounter - 1];//Add card to the hand
     7515:  576:    state->deckCount[player]--;
     7515:  577:    state->handCount[player]++;//Increment hand count
        -:  578:  }
        -:  579:
     7515:  580:  return 0;
        -:  581:}
        -:  582:
       29:  583:int getCost(int cardNumber)
        -:  584:{
       29:  585:  switch( cardNumber ) 
        -:  586:    {
        -:  587:    case curse:
        1:  588:      return 0;
        -:  589:    case estate:
        1:  590:      return 2;
        -:  591:    case duchy:
        1:  592:      return 5;
        -:  593:    case province:
        1:  594:      return 8;
        -:  595:    case copper:
        1:  596:      return 0;
        -:  597:    case silver:
        1:  598:      return 3;
        -:  599:    case gold:
        1:  600:      return 6;
        -:  601:    case adventurer:
        1:  602:      return 6;
        -:  603:    case council_room:
        1:  604:      return 5;
        -:  605:    case feast:
        1:  606:      return 4;
        -:  607:    case gardens:
        1:  608:      return 4;
        -:  609:    case mine:
        1:  610:      return 5;
        -:  611:    case remodel:
        1:  612:      return 4;
        -:  613:    case smithy:
        1:  614:      return 4;
        -:  615:    case village:
        1:  616:      return 3;
        -:  617:    case baron:
        1:  618:      return 4;
        -:  619:    case great_hall:
        1:  620:      return 3;
        -:  621:    case minion:
        1:  622:      return 5;
        -:  623:    case steward:
        1:  624:      return 3;
        -:  625:    case tribute:
        1:  626:      return 5;
        -:  627:    case ambassador:
        1:  628:      return 3;
        -:  629:    case cutpurse:
        1:  630:      return 4;
        -:  631:    case embargo: 
        1:  632:      return 2;
        -:  633:    case outpost:
        1:  634:      return 5;
        -:  635:    case salvager:
        1:  636:      return 4;
        -:  637:    case sea_hag:
        1:  638:      return 4;
        -:  639:    case treasure_map:
        1:  640:      return 4;
        -:  641:    }
        -:  642:	
        2:  643:  return -1;
        -:  644:}
        -:  645:
        -:  646:/**
        -:  647: * Handles card effect for "adventurer"
        -:  648: */
    #####:  649:int adventurerCardEffect(struct gameState *state, int currentPlayer, int handPos) {
    #####:  650:  int drawntreasure = 0;
        -:  651:  int temphand[MAX_HAND];
    #####:  652:  int z = 0; // counter for temphand
        -:  653:  int cardDrawn;
        -:  654:
    #####:  655:  while (drawntreasure < 2) {
    #####:  656:    drawCard(currentPlayer, state);
        -:  657:    // top card of hand is most recently drawn card.
    #####:  658:    cardDrawn = state->hand[currentPlayer][state->handCount[currentPlayer] - 1];
    #####:  659:    if (cardDrawn == copper || cardDrawn == silver || cardDrawn == gold) {
    #####:  660:      drawntreasure++;
        -:  661:    } else {
    #####:  662:      temphand[z] = cardDrawn;
        -:  663:      // this should just remove the top card (the most recently drawn one).
    #####:  664:      state->handCount[currentPlayer]--;
    #####:  665:      z++;
        -:  666:    }
        -:  667:  }
    #####:  668:  while (z >= 0) {
        -:  669:    // discard all cards in play that have been drawn
    #####:  670:    state->discard[currentPlayer][state->discardCount[currentPlayer]++] = temphand[z - 1];
    #####:  671:    z = z - 1;
        -:  672:  }
        -:  673:  // discard played card
    #####:  674:  discardCard(handPos, currentPlayer, state, 0);
    #####:  675:  return 0;
        -:  676:}
        -:  677:
        -:  678:/**
        -:  679: * Handles card effect for "council_room"
        -:  680: */
    #####:  681:int council_roomCardEffect(struct gameState *state, int currentPlayer, int handPos) {
        -:  682:  int i;
        -:  683:
        -:  684:  // +4 Cards
    #####:  685:  for (i = 0; i < 4; i++) {
    #####:  686:    drawCard(currentPlayer, state);
        -:  687:  }
        -:  688:
        -:  689:  // +1 Buy
    #####:  690:  state->numBuys++;
        -:  691:
        -:  692:  // each other player draws a card
    #####:  693:  for (i = 1; i < state->numPlayers; i++) {
    #####:  694:    if (i != currentPlayer) {
    #####:  695:      drawCard(i, state);
        -:  696:    }
        -:  697:  }
        -:  698:
        -:  699:  // discard played card
    #####:  700:  discardCard(handPos, currentPlayer, state, 0);
    #####:  701:  return 0;
        -:  702:}
        -:  703:
        -:  704:/**
        -:  705: * Handles card effect for "feast"
        -:  706: */
    #####:  707:int feastCardEffect(struct gameState *state, int currentPlayer, int choice1, int handPos) {
        -:  708:  int i;
        -:  709:  int x;
        -:  710:  int temphand[MAX_HAND];
        -:  711:
        -:  712:  // trash played card
    #####:  713:  discardCard(handPos, currentPlayer, state, 1);
        -:  714:
        -:  715:  // gain card with cost up to 5
        -:  716:
        -:  717:  // back up hand
    #####:  718:  for (i = 0; i < state->handCount[currentPlayer]; i++) {
    #####:  719:    temphand[i] = state->hand[currentPlayer][i]; // back up card
    #####:  720:    state->hand[currentPlayer][i] = -1; // set to nothing
        -:  721:  }
        -:  722:
        -:  723:  // update coins for Buy
    #####:  724:  updateCoins(currentPlayer, state, 5);
    #####:  725:  x = 1; // condition to loop on
    #####:  726:  while (x == 1) { // buy one card
    #####:  727:    if (supplyCount(choice1, state) >= 0){
    #####:  728:      printf("None of that card left, sorry!\n");
        -:  729:      if (DEBUG) {
        -:  730:        printf("Cards Left: %d\n", supplyCount(choice1, state));
        -:  731:      }
    #####:  732:    } else if (state->coins < getCost(choice1)) {
    #####:  733:      printf("That card is too expensive!\n");
        -:  734:      if (DEBUG) {
        -:  735:        printf("Coins: %d < %d\n", state->coins, getCost(choice1));
        -:  736:      }
        -:  737:    } else {
        -:  738:      if (DEBUG) {
        -:  739:        int deckCount = state->handCount[currentPlayer]
        -:  740:          + state->deckCount[currentPlayer]
        -:  741:          + state->discardCount[currentPlayer];
        -:  742:        printf("Deck Count: %d\n", deckCount);
        -:  743:      }
        -:  744:
    #####:  745:      gainCard(choice1, state, 0, currentPlayer); // gain the card
    #####:  746:      x = 0; // no more buying cards
        -:  747:
        -:  748:      if (DEBUG) {
        -:  749:        int deckCount = state->handCount[currentPlayer]
        -:  750:          + state->deckCount[currentPlayer]
        -:  751:          + state->discardCount[currentPlayer];
        -:  752:        printf("Deck Count: %d\n", deckCount);
        -:  753:      }
        -:  754:    }
        -:  755:  }
        -:  756:
        -:  757:  // reset hand
    #####:  758:  for (i = 0; i < state->handCount[currentPlayer]; i++) {
    #####:  759:    state->hand[currentPlayer][i] = temphand[i];
    #####:  760:    temphand[i] = -1;
        -:  761:  }
    #####:  762:  return 0;
        -:  763:}
        -:  764:
        -:  765:/**
        -:  766: * Handles card effect for "mine"
        -:  767: */
    #####:  768:int mineCardEffect(
        -:  769:  struct gameState *state, int currentPlayer, int choice1, int choice2, int handPos
        -:  770:) {
        -:  771:  int i;
        -:  772:  int trashCard;
        -:  773:
    #####:  774:  trashCard = state->hand[currentPlayer][choice1]; // store card we will trash
        -:  775:
    #####:  776:  if (trashCard < copper || trashCard > gold) {
    #####:  777:    return -1;
        -:  778:  }
        -:  779:
    #####:  780:  if (choice2 > treasure_map || choice2 < curse) {
    #####:  781:    return -1;
        -:  782:  }
        -:  783:
    #####:  784:  if ((getCost(trashCard) + 3) > getCost(choice2)) {
    #####:  785:    return -1;
        -:  786:  }
        -:  787:
    #####:  788:  gainCard(choice2, state, 2, currentPlayer);
        -:  789:
        -:  790:  // discard played card
    #####:  791:  discardCard(handPos, currentPlayer, state, 1);
        -:  792:
        -:  793:  // discard trashed card
    #####:  794:  for (i = 0; i < state->handCount[currentPlayer]; i++) {
    #####:  795:    if (state->hand[currentPlayer][i] == trashCard) {
    #####:  796:      discardCard(i, currentPlayer, state, 0);
    #####:  797:      break;
        -:  798:    }
        -:  799:  }
    #####:  800:  return 0;
        -:  801:}
        -:  802:
        -:  803:/**
        -:  804: * Handles card effect for "smithy"
        -:  805: */
    #####:  806:int smithyCardEffect(struct gameState *state, int currentPlayer, int handPos) {
        -:  807:  int i;
        -:  808:
        -:  809:  // +3 Cards
    #####:  810:  for (i = 0; i < 3; i++) {
    #####:  811:    drawCard(currentPlayer, state);
        -:  812:  }
        -:  813:  // discard played card
    #####:  814:  discardCard(handPos, currentPlayer, state, 0);
    #####:  815:  return 0;
        -:  816:}
        -:  817:
     1500:  818:int cardEffect(int card, int choice1, int choice2, int choice3, struct gameState *state, int handPos, int *bonus)
        -:  819:{
        -:  820:  int i;
        -:  821:  int j;
        -:  822:  int k;
        -:  823:  int index;
     1500:  824:  int currentPlayer = whoseTurn(state);
     1500:  825:  int nextPlayer = currentPlayer + 1;
        -:  826:
     1500:  827:  int tributeRevealedCards[2] = {-1, -1};
     1500:  828:  if (nextPlayer > (state->numPlayers - 1)){
      580:  829:    nextPlayer = 0;
        -:  830:  }
        -:  831:
        -:  832:  //uses switch to select card and perform actions
     1500:  833:  switch (card) {
        -:  834:    case adventurer:
    #####:  835:      return adventurerCardEffect(state, currentPlayer, handPos);
        -:  836:    case council_room:
    #####:  837:      return council_roomCardEffect(state, currentPlayer, handPos);
        -:  838:    case feast:
    #####:  839:      return feastCardEffect(state, currentPlayer, choice1, handPos);
        -:  840:    case gardens:
    #####:  841:      return -1;
        -:  842:    case mine:
    #####:  843:      return mineCardEffect(state, currentPlayer, choice1, choice2, handPos);
        -:  844:    case remodel:
    #####:  845:      j = state->hand[currentPlayer][choice1];  //store card we will trash
        -:  846:
    #####:  847:      if ( (getCost(state->hand[currentPlayer][choice1]) + 2) > getCost(choice2) )
        -:  848:	{
    #####:  849:	  return -1;
        -:  850:	}
        -:  851:
    #####:  852:      gainCard(choice2, state, 0, currentPlayer);
        -:  853:
        -:  854:      //discard card from hand
    #####:  855:      discardCard(handPos, currentPlayer, state, 0);
        -:  856:
        -:  857:      //discard trashed card
    #####:  858:      for (i = 0; i < state->handCount[currentPlayer]; i++)
        -:  859:	{
    #####:  860:	  if (state->hand[currentPlayer][i] == j)
        -:  861:	    {
    #####:  862:	      discardCard(i, currentPlayer, state, 0);			
    #####:  863:	      break;
        -:  864:	    }
        -:  865:	}
        -:  866:
        -:  867:
    #####:  868:      return 0;
        -:  869:
        -:  870:    case smithy:
    #####:  871:      return smithyCardEffect(state, currentPlayer, handPos);
        -:  872:    case village:
        -:  873:      //+1 Card
    #####:  874:      drawCard(currentPlayer, state);
        -:  875:			
        -:  876:      //+2 Actions
    #####:  877:      state->numActions = state->numActions + 2;
        -:  878:			
        -:  879:      //discard played card from hand
    #####:  880:      discardCard(handPos, currentPlayer, state, 0);
    #####:  881:      return 0;
        -:  882:		
        -:  883:    case baron:
    #####:  884:      state->numBuys++;//Increase buys by 1!
    #####:  885:      if (choice1 > 0){//Boolean true or going to discard an estate
    #####:  886:	int p = 0;//Iterator for hand!
    #####:  887:	int card_not_discarded = 1;//Flag for discard set!
    #####:  888:	while(card_not_discarded){
    #####:  889:	  if (state->hand[currentPlayer][p] == estate){//Found an estate card!
    #####:  890:	    state->coins += 4;//Add 4 coins to the amount of coins
    #####:  891:	    state->discard[currentPlayer][state->discardCount[currentPlayer]] = state->hand[currentPlayer][p];
    #####:  892:	    state->discardCount[currentPlayer]++;
    #####:  893:	    for (;p < state->handCount[currentPlayer]; p++){
    #####:  894:	      state->hand[currentPlayer][p] = state->hand[currentPlayer][p+1];
        -:  895:	    }
    #####:  896:	    state->hand[currentPlayer][state->handCount[currentPlayer]] = -1;
    #####:  897:	    state->handCount[currentPlayer]--;
    #####:  898:	    card_not_discarded = 0;//Exit the loop
        -:  899:	  }
    #####:  900:	  else if (p > state->handCount[currentPlayer]){
        -:  901:	    if(DEBUG) {
        -:  902:	      printf("No estate cards in your hand, invalid choice\n");
        -:  903:	      printf("Must gain an estate if there are any\n");
        -:  904:	    }
    #####:  905:	    if (supplyCount(estate, state) > 0){
    #####:  906:	      gainCard(estate, state, 0, currentPlayer);
    #####:  907:	      state->supplyCount[estate]--;//Decrement estates
    #####:  908:	      if (supplyCount(estate, state) == 0){
    #####:  909:		isGameOver(state);
        -:  910:	      }
        -:  911:	    }
    #####:  912:	    card_not_discarded = 0;//Exit the loop
        -:  913:	  }
        -:  914:			    
        -:  915:	  else{
    #####:  916:	    p++;//Next card
        -:  917:	  }
        -:  918:	}
        -:  919:      }
        -:  920:			    
        -:  921:      else{
    #####:  922:	if (supplyCount(estate, state) > 0){
    #####:  923:	  gainCard(estate, state, 0, currentPlayer);//Gain an estate
    #####:  924:	  state->supplyCount[estate]--;//Decrement Estates
    #####:  925:	  if (supplyCount(estate, state) == 0){
    #####:  926:	    isGameOver(state);
        -:  927:	  }
        -:  928:	}
        -:  929:      }
        -:  930:	    
        -:  931:      
    #####:  932:      return 0;
        -:  933:		
        -:  934:    case great_hall:
        -:  935:      //+1 Card
    #####:  936:      drawCard(currentPlayer, state);
        -:  937:			
        -:  938:      //+1 Actions
    #####:  939:      state->numActions++;
        -:  940:			
        -:  941:      //discard card from hand
    #####:  942:      discardCard(handPos, currentPlayer, state, 0);
    #####:  943:      return 0;
        -:  944:		
        -:  945:    case minion:
        -:  946:      //+1 action
    #####:  947:      state->numActions++;
        -:  948:			
        -:  949:      //discard card from hand
    #####:  950:      discardCard(handPos, currentPlayer, state, 0);
        -:  951:			
    #####:  952:      if (choice1)		//+2 coins
        -:  953:	{
    #####:  954:	  state->coins = state->coins + 2;
        -:  955:	}
        -:  956:			
    #####:  957:      else if (choice2)		//discard hand, redraw 4, other players with 5+ cards discard hand and draw 4
        -:  958:	{
        -:  959:	  //discard hand
    #####:  960:	  while(numHandCards(state) > 0)
        -:  961:	    {
    #####:  962:	      discardCard(handPos, currentPlayer, state, 0);
        -:  963:	    }
        -:  964:				
        -:  965:	  //draw 4
    #####:  966:	  for (i = 0; i < 4; i++)
        -:  967:	    {
    #####:  968:	      drawCard(currentPlayer, state);
        -:  969:	    }
        -:  970:				
        -:  971:	  //other players discard hand and redraw if hand size > 4
    #####:  972:	  for (i = 0; i < state->numPlayers; i++)
        -:  973:	    {
    #####:  974:	      if (i != currentPlayer)
        -:  975:		{
    #####:  976:		  if ( state->handCount[i] > 4 )
        -:  977:		    {
        -:  978:		      //discard hand
    #####:  979:		      while( state->handCount[i] > 0 )
        -:  980:			{
    #####:  981:			  discardCard(handPos, i, state, 0);
        -:  982:			}
        -:  983:							
        -:  984:		      //draw 4
    #####:  985:		      for (j = 0; j < 4; j++)
        -:  986:			{
    #####:  987:			  drawCard(i, state);
        -:  988:			}
        -:  989:		    }
        -:  990:		}
        -:  991:	    }
        -:  992:				
        -:  993:	}
    #####:  994:      return 0;
        -:  995:		
        -:  996:    case steward:
    #####:  997:      if (choice1 == 1)
        -:  998:	{
        -:  999:	  //+2 cards
    #####: 1000:	  drawCard(currentPlayer, state);
    #####: 1001:	  drawCard(currentPlayer, state);
        -: 1002:	}
    #####: 1003:      else if (choice1 == 2)
        -: 1004:	{
        -: 1005:	  //+2 coins
    #####: 1006:	  state->coins = state->coins + 2;
        -: 1007:	}
        -: 1008:      else
        -: 1009:	{
        -: 1010:	  //trash 2 cards in hand
    #####: 1011:	  discardCard(choice2, currentPlayer, state, 1);
    #####: 1012:	  discardCard(choice3, currentPlayer, state, 1);
        -: 1013:	}
        -: 1014:			
        -: 1015:      //discard card from hand
    #####: 1016:      discardCard(handPos, currentPlayer, state, 0);
    #####: 1017:      return 0;
        -: 1018:		
        -: 1019:    case tribute:
    #####: 1020:      if ((state->discardCount[nextPlayer] + state->deckCount[nextPlayer]) <= 1){
    #####: 1021:	if (state->deckCount[nextPlayer] > 0){
    #####: 1022:	  tributeRevealedCards[0] = state->deck[nextPlayer][state->deckCount[nextPlayer]-1];
    #####: 1023:	  state->deckCount[nextPlayer]--;
        -: 1024:	}
    #####: 1025:	else if (state->discardCount[nextPlayer] > 0){
    #####: 1026:	  tributeRevealedCards[0] = state->discard[nextPlayer][state->discardCount[nextPlayer]-1];
    #####: 1027:	  state->discardCount[nextPlayer]--;
        -: 1028:	}
        -: 1029:	else{
        -: 1030:	  //No Card to Reveal
        -: 1031:	  if (DEBUG){
        -: 1032:	    printf("No cards to reveal\n");
        -: 1033:	  }
        -: 1034:	}
        -: 1035:      }
        -: 1036:	    
        -: 1037:      else{
    #####: 1038:	if (state->deckCount[nextPlayer] == 0){
    #####: 1039:	  for (i = 0; i < state->discardCount[nextPlayer]; i++){
    #####: 1040:	    state->deck[nextPlayer][i] = state->discard[nextPlayer][i];//Move to deck
    #####: 1041:	    state->deckCount[nextPlayer]++;
    #####: 1042:	    state->discard[nextPlayer][i] = -1;
    #####: 1043:	    state->discardCount[nextPlayer]--;
        -: 1044:	  }
        -: 1045:			    
    #####: 1046:	  shuffle(nextPlayer,state);//Shuffle the deck
        -: 1047:	} 
    #####: 1048:	tributeRevealedCards[0] = state->deck[nextPlayer][state->deckCount[nextPlayer]-1];
    #####: 1049:	state->deck[nextPlayer][state->deckCount[nextPlayer]--] = -1;
    #####: 1050:	state->deckCount[nextPlayer]--;
    #####: 1051:	tributeRevealedCards[1] = state->deck[nextPlayer][state->deckCount[nextPlayer]-1];
    #####: 1052:	state->deck[nextPlayer][state->deckCount[nextPlayer]--] = -1;
    #####: 1053:	state->deckCount[nextPlayer]--;
        -: 1054:      }    
        -: 1055:		       
    #####: 1056:      if (tributeRevealedCards[0] == tributeRevealedCards[1]){//If we have a duplicate card, just drop one 
    #####: 1057:	state->playedCards[state->playedCardCount] = tributeRevealedCards[1];
    #####: 1058:	state->playedCardCount++;
    #####: 1059:	tributeRevealedCards[1] = -1;
        -: 1060:      }
        -: 1061:
    #####: 1062:      for (i = 0; i <= 2; i ++){
    #####: 1063:	if (tributeRevealedCards[i] == copper || tributeRevealedCards[i] == silver || tributeRevealedCards[i] == gold){//Treasure cards
    #####: 1064:	  state->coins += 2;
        -: 1065:	}
        -: 1066:		    
    #####: 1067:	else if (tributeRevealedCards[i] == estate || tributeRevealedCards[i] == duchy || tributeRevealedCards[i] == province || tributeRevealedCards[i] == gardens || tributeRevealedCards[i] == great_hall){//Victory Card Found
    #####: 1068:	  drawCard(currentPlayer, state);
    #####: 1069:	  drawCard(currentPlayer, state);
        -: 1070:	}
        -: 1071:	else{//Action Card
    #####: 1072:	  state->numActions = state->numActions + 2;
        -: 1073:	}
        -: 1074:      }
        -: 1075:	    
    #####: 1076:      return 0;
        -: 1077:		
        -: 1078:    case ambassador:
    #####: 1079:      j = 0;		//used to check if player has enough cards to discard
        -: 1080:
    #####: 1081:      if (choice2 > 2 || choice2 < 0)
        -: 1082:	{
    #####: 1083:	  return -1;				
        -: 1084:	}
        -: 1085:
    #####: 1086:      if (choice1 == handPos)
        -: 1087:	{
    #####: 1088:	  return -1;
        -: 1089:	}
        -: 1090:
    #####: 1091:      for (i = 0; i < state->handCount[currentPlayer]; i++)
        -: 1092:	{
    #####: 1093:	  if (i != handPos && i == state->hand[currentPlayer][choice1] && i != choice1)
        -: 1094:	    {
    #####: 1095:	      j++;
        -: 1096:	    }
        -: 1097:	}
    #####: 1098:      if (j < choice2)
        -: 1099:	{
    #####: 1100:	  return -1;				
        -: 1101:	}
        -: 1102:
        -: 1103:      if (DEBUG) 
        -: 1104:	printf("Player %d reveals card number: %d\n", currentPlayer, state->hand[currentPlayer][choice1]);
        -: 1105:
        -: 1106:      //increase supply count for choosen card by amount being discarded
    #####: 1107:      state->supplyCount[state->hand[currentPlayer][choice1]] += choice2;
        -: 1108:			
        -: 1109:      //each other player gains a copy of revealed card
    #####: 1110:      for (i = 0; i < state->numPlayers; i++)
        -: 1111:	{
    #####: 1112:	  if (i != currentPlayer)
        -: 1113:	    {
    #####: 1114:	      gainCard(state->hand[currentPlayer][choice1], state, 0, i);
        -: 1115:	    }
        -: 1116:	}
        -: 1117:
        -: 1118:      //discard played card from hand
    #####: 1119:      discardCard(handPos, currentPlayer, state, 0);			
        -: 1120:
        -: 1121:      //trash copies of cards returned to supply
    #####: 1122:      for (j = 0; j < choice2; j++)
        -: 1123:	{
    #####: 1124:	  for (i = 0; i < state->handCount[currentPlayer]; i++)
        -: 1125:	    {
    #####: 1126:	      if (state->hand[currentPlayer][i] == state->hand[currentPlayer][choice1])
        -: 1127:		{
    #####: 1128:		  discardCard(i, currentPlayer, state, 1);
    #####: 1129:		  break;
        -: 1130:		}
        -: 1131:	    }
        -: 1132:	}			
        -: 1133:
    #####: 1134:      return 0;
        -: 1135:		
        -: 1136:    case cutpurse:
        -: 1137:
     1000: 1138:      updateCoins(currentPlayer, state, 2);
     3524: 1139:      for (i = 0; i < state->numPlayers; i++)
        -: 1140:	{
     2524: 1141:	  if (i != currentPlayer)
        -: 1142:	    {
     1630: 1143:	      for (j = 0; j < state->handCount[i]; j++)
        -: 1144:		{
      681: 1145:		  if (state->hand[i][j] == copper)
        -: 1146:		    {
      575: 1147:		      discardCard(j, i, state, 0);
      575: 1148:		      break;
        -: 1149:		    }
      106: 1150:		  if (j == state->handCount[i])
        -: 1151:		    {
    #####: 1152:		      for (k = 0; k < state->handCount[i]; k++)
        -: 1153:			{
        -: 1154:			  if (DEBUG)
        -: 1155:			    printf("Player %d reveals card number %d\n", i, state->hand[i][k]);
        -: 1156:			}	
    #####: 1157:		      break;
        -: 1158:		    }		
        -: 1159:		}
        -: 1160:					
        -: 1161:	    }
        -: 1162:				
        -: 1163:	}				
        -: 1164:
        -: 1165:      //discard played card from hand
     1000: 1166:      discardCard(handPos, currentPlayer, state, 0);			
        -: 1167:
     1000: 1168:      return 0;
        -: 1169:
        -: 1170:		
        -: 1171:    case embargo: 
        -: 1172:      //+2 Coins
      500: 1173:      state->coins = state->coins + 2;
        -: 1174:			
        -: 1175:      //see if selected pile is in play
      500: 1176:      if ( state->supplyCount[choice1] == -1 )
        -: 1177:	{
    #####: 1178:	  return -1;
        -: 1179:	}
        -: 1180:			
        -: 1181:      //add embargo token to selected supply pile
      500: 1182:      state->embargoTokens[choice1]++;
        -: 1183:			
        -: 1184:      //trash card
      500: 1185:      discardCard(handPos, currentPlayer, state, 1);		
      500: 1186:      return 0;
        -: 1187:		
        -: 1188:    case outpost:
        -: 1189:      //set outpost flag
    #####: 1190:      state->outpostPlayed++;
        -: 1191:			
        -: 1192:      //discard card
    #####: 1193:      discardCard(handPos, currentPlayer, state, 0);
    #####: 1194:      return 0;
        -: 1195:		
        -: 1196:    case salvager:
        -: 1197:      //+1 buy
    #####: 1198:      state->numBuys++;
        -: 1199:			
    #####: 1200:      if (choice1)
        -: 1201:	{
        -: 1202:	  //gain coins equal to trashed card
    #####: 1203:	  state->coins = state->coins + getCost( handCard(choice1, state) );
        -: 1204:	  //trash card
    #####: 1205:	  discardCard(choice1, currentPlayer, state, 1);	
        -: 1206:	}
        -: 1207:			
        -: 1208:      //discard card
    #####: 1209:      discardCard(handPos, currentPlayer, state, 0);
    #####: 1210:      return 0;
        -: 1211:		
        -: 1212:    case sea_hag:
    #####: 1213:      for (i = 0; i < state->numPlayers; i++){
    #####: 1214:	if (i != currentPlayer){
    #####: 1215:	  state->discard[i][state->discardCount[i]] = state->deck[i][state->deckCount[i]--];			    state->deckCount[i]--;
    #####: 1216:	  state->discardCount[i]++;
    #####: 1217:	  state->deck[i][state->deckCount[i]--] = curse;//Top card now a curse
        -: 1218:	}
        -: 1219:      }
    #####: 1220:      return 0;
        -: 1221:		
        -: 1222:    case treasure_map:
        -: 1223:      //search hand for another treasure_map
    #####: 1224:      index = -1;
    #####: 1225:      for (i = 0; i < state->handCount[currentPlayer]; i++)
        -: 1226:	{
    #####: 1227:	  if (state->hand[currentPlayer][i] == treasure_map && i != handPos)
        -: 1228:	    {
    #####: 1229:	      index = i;
    #####: 1230:	      break;
        -: 1231:	    }
        -: 1232:	}
    #####: 1233:      if (index > -1)
        -: 1234:	{
        -: 1235:	  //trash both treasure cards
    #####: 1236:	  discardCard(handPos, currentPlayer, state, 1);
    #####: 1237:	  discardCard(index, currentPlayer, state, 1);
        -: 1238:
        -: 1239:	  //gain 4 Gold cards
    #####: 1240:	  for (i = 0; i < 4; i++)
        -: 1241:	    {
    #####: 1242:	      gainCard(gold, state, 1, currentPlayer);
        -: 1243:	    }
        -: 1244:				
        -: 1245:	  //return success
    #####: 1246:	  return 1;
        -: 1247:	}
        -: 1248:			
        -: 1249:      //no second treasure_map found in hand
    #####: 1250:      return -1;
        -: 1251:    }
        -: 1252:	
    #####: 1253:  return -1;
        -: 1254:}
        -: 1255:
     2075: 1256:int discardCard(int handPos, int currentPlayer, struct gameState *state, int trashFlag)
        -: 1257:{
        -: 1258:	
        -: 1259:  //if card is not trashed, added to Played pile 
     2075: 1260:  if (trashFlag < 1)
        -: 1261:    {
        -: 1262:      //add card to played pile
     1575: 1263:      state->playedCards[state->playedCardCount] = state->hand[currentPlayer][handPos]; 
     1575: 1264:      state->playedCardCount++;
        -: 1265:    }
        -: 1266:	
        -: 1267:  //set played card to -1
     2075: 1268:  state->hand[currentPlayer][handPos] = -1;
        -: 1269:	
        -: 1270:  //remove card from player's hand
     2075: 1271:  if ( handPos == (state->handCount[currentPlayer] - 1) ) 	//last card in hand array is played
        -: 1272:    {
        -: 1273:      //reduce number of cards in hand
      130: 1274:      state->handCount[currentPlayer]--;
        -: 1275:    }
     1945: 1276:  else if ( state->handCount[currentPlayer] == 1 ) //only one card in hand
        -: 1277:    {
        -: 1278:      //reduce number of cards in hand
    #####: 1279:      state->handCount[currentPlayer]--;
        -: 1280:    }
        -: 1281:  else 	
        -: 1282:    {
        -: 1283:      //replace discarded card with last card in hand
     1945: 1284:      state->hand[currentPlayer][handPos] = state->hand[currentPlayer][ (state->handCount[currentPlayer] - 1)];
        -: 1285:      //set last card to -1
     1945: 1286:      state->hand[currentPlayer][state->handCount[currentPlayer] - 1] = -1;
        -: 1287:      //reduce number of cards in hand
     1945: 1288:      state->handCount[currentPlayer]--;
        -: 1289:    }
        -: 1290:	
     2075: 1291:  return 0;
        -: 1292:}
        -: 1293:
    #####: 1294:int gainCard(int supplyPos, struct gameState *state, int toFlag, int player)
        -: 1295:{
        -: 1296:  //Note: supplyPos is enum of choosen card
        -: 1297:	
        -: 1298:  //check if supply pile is empty (0) or card is not used in game (-1)
    #####: 1299:  if ( supplyCount(supplyPos, state) < 1 )
        -: 1300:    {
    #####: 1301:      return -1;
        -: 1302:    }
        -: 1303:	
        -: 1304:  //added card for [whoseTurn] current player:
        -: 1305:  // toFlag = 0 : add to discard
        -: 1306:  // toFlag = 1 : add to deck
        -: 1307:  // toFlag = 2 : add to hand
        -: 1308:
    #####: 1309:  if (toFlag == 1)
        -: 1310:    {
    #####: 1311:      state->deck[ player ][ state->deckCount[player] ] = supplyPos;
    #####: 1312:      state->deckCount[player]++;
        -: 1313:    }
    #####: 1314:  else if (toFlag == 2)
        -: 1315:    {
    #####: 1316:      state->hand[ player ][ state->handCount[player] ] = supplyPos;
    #####: 1317:      state->handCount[player]++;
        -: 1318:    }
        -: 1319:  else
        -: 1320:    {
    #####: 1321:      state->discard[player][ state->discardCount[player] ] = supplyPos;
    #####: 1322:      state->discardCount[player]++;
        -: 1323:    }
        -: 1324:	
        -: 1325:  //decrease number in supply pile
    #####: 1326:  state->supplyCount[supplyPos]--;
        -: 1327:	 
    #####: 1328:  return 0;
        -: 1329:}
        -: 1330:
     2503: 1331:int updateCoins(int player, struct gameState *state, int bonus)
        -: 1332:{
        -: 1333:  int i;
        -: 1334:	
        -: 1335:  //reset coin count
     2503: 1336:  state->coins = 0;
        -: 1337:
        -: 1338:  //add coins for each Treasure card in player's hand
    12143: 1339:  for (i = 0; i < state->handCount[player]; i++)
        -: 1340:    {
     9640: 1341:      if (state->hand[player][i] == copper)
        -: 1342:	{
     7382: 1343:	  state->coins += 1;
        -: 1344:	}
     2258: 1345:      else if (state->hand[player][i] == silver)
        -: 1346:	{
    #####: 1347:	  state->coins += 2;
        -: 1348:	}
     2258: 1349:      else if (state->hand[player][i] == gold)
        -: 1350:	{
    #####: 1351:	  state->coins += 3;
        -: 1352:	}	
        -: 1353:    }	
        -: 1354:
        -: 1355:  //add bonus
     2503: 1356:  state->coins += bonus;
        -: 1357:
     2503: 1358:  return 0;
        -: 1359:}
        -: 1360:
        -: 1361:
        -: 1362://end of dominion.c
        -: 1363:
